<?xml version="1.0" encoding="UTF-8"?>
<!-- Generated by org.testng.reporters.JUnitReportReporter -->
<testsuite hostname="DELL" name="scripts.InvalidLogin" tests="1" failures="0" timestamp="14 Dec 2017 17:58:46 GMT" time="51.623" errors="0">
  <testcase name="testInvalidLogin" time="51.623" classname="scripts.InvalidLogin"/>
</testsuite> <!-- scripts.InvalidLogin -->
