<?xml version="1.0" encoding="UTF-8"?>
<!-- Generated by org.testng.reporters.JUnitReportReporter -->
<testsuite hostname="DELL" name="scripts.VerifyPopUp" tests="2" failures="0" timestamp="3 May 2016 02:41:01 GMT" time="26.203" errors="0">
  <testcase name="testVerifyPopUp" time="9.747" classname="scripts.VerifyPopUp"/>
  <testcase name="testVerifyPopUp" time="16.456" classname="scripts.VerifyPopUp"/>
</testsuite> <!-- scripts.VerifyPopUp -->
