<?xml version="1.0" encoding="UTF-8"?>
<!-- Generated by org.testng.reporters.JUnitReportReporter -->
<testsuite hostname="DELL" name="scripts.ValidLoginLogoutExcel" tests="1" failures="0" timestamp="19 Jun 2016 10:50:17 GMT" time="64.611" errors="0">
  <testcase name="testValidLoginLogout" time="64.611" classname="scripts.ValidLoginLogoutExcel"/>
</testsuite> <!-- scripts.ValidLoginLogoutExcel -->
